{"logTime": "0918/190019", "correlationVector":"OdY5nkurVVNxf1OLyT+UrR.1","action":"SyncServerConnectionManagerRequest", "result":"SYNC_SERVER_OK", "context":{"environment":"Prod_SoutheastAsia_000j", "migrationStage":"NotStarted", "server":"GENERAL01000015"}}
{"logTime": "0918/190020", "correlationVector":"Eqr64GcTugmr3uGh72/YEv","action":"SyncServerConnectionManagerRequest", "result":"SYNC_SERVER_OK", "context":{"environment":"", "migrationStage":"", "server":""}}
{"logTime": "0918/190020", "correlationVector":"OdY5nkurVVNxf1OLyT+UrR","action":"Initial GetUpdates", "result":"", "context":Reason: NEW_CLIENT. cV=OdY5nkurVVNxf1OLyT+UrR}
{"logTime": "0918/190020", "correlationVector":"OdY5nkurVVNxf1OLyT+UrR.2","action":"GetUpdates Response", "result":"Success", "context":Received 1 update(s). cV=OdY5nkurVVNxf1OLyT+UrR.0;server=GENERAL01000015;cloudType=Consumer;environment=Prod_SoutheastAsia_000j;migrationStage=NotStarted}
{"logTime": "0918/190020", "correlationVector":"VvciSUusueVxM1x7aYiZ5s","action":"Initial GetUpdates", "result":"", "context":Reason: NEWLY_SUPPORTED_DATATYPE. cV=VvciSUusueVxM1x7aYiZ5s}
{"logTime": "0918/190021", "correlationVector":"VvciSUusueVxM1x7aYiZ5s.1","action":"SyncServerConnectionManagerRequest", "result":"SYNC_SERVER_OK", "context":{"environment":"Prod_SoutheastAsia_000j", "migrationStage":"NotStarted", "server":"GENERAL01000002"}}
{"logTime": "0918/190021", "correlationVector":"VvciSUusueVxM1x7aYiZ5s.2","action":"GetUpdates", "result":"DeleteReceived", "context":{"id":"ecc5f4f9-e263-4111-9bd7-498aba650bb0", "isDeleted:":"true", "version":"1696499328676"}}
{"logTime": "0918/190021", "correlationVector":"VvciSUusueVxM1x7aYiZ5s.3","action":"GetUpdates", "result":"DeleteReceived", "context":{"id":"a2e4cb61-2b87-4bad-9ee1-937cb23190c6", "isDeleted:":"true", "version":"1701957916567"}}
{"logTime": "0918/190021", "correlationVector":"VvciSUusueVxM1x7aYiZ5s.4","action":"GetUpdates", "result":"DeleteReceived", "context":{"id":"ae925b24-1bdb-4159-8c43-2d43a5519851", "isDeleted:":"true", "version":"1701966093145"}}
{"logTime": "0918/190021", "correlationVector":"VvciSUusueVxM1x7aYiZ5s.5","action":"GetUpdates", "result":"DeleteReceived", "context":{"id":"e3c7701c-5453-4bf8-b7d9-3897dbe87efa", "isDeleted:":"true", "version":"1706499192072"}}
{"logTime": "0918/190021", "correlationVector":"VvciSUusueVxM1x7aYiZ5s.6","action":"GetUpdates", "result":"DeleteReceived", "context":{"id":"be5c88a5-38fb-42ce-a453-4c996727a668", "isDeleted:":"true", "version":"1706499192806"}}
{"logTime": "0918/190021", "correlationVector":"VvciSUusueVxM1x7aYiZ5s.7","action":"GetUpdates", "result":"DeleteReceived", "context":{"id":"7aa28cfe-46a9-4c52-a157-9b1c54da3a89", "isDeleted:":"true", "version":"1706499192807"}}
{"logTime": "0918/190021", "correlationVector":"VvciSUusueVxM1x7aYiZ5s.8","action":"GetUpdates", "result":"DeleteReceived", "context":{"id":"5740108e-ef48-4a55-8686-cdabd4b49b8d", "isDeleted:":"true", "version":"1706499193446"}}
{"logTime": "0918/190021", "correlationVector":"VvciSUusueVxM1x7aYiZ5s.9","action":"GetUpdates", "result":"DeleteReceived", "context":{"id":"ad1043e8-d15f-4d3f-b18c-bbe0baec7e9b", "isDeleted:":"true", "version":"1706499193447"}}
{"logTime": "0918/190021", "correlationVector":"VvciSUusueVxM1x7aYiZ5s.10","action":"GetUpdates", "result":"DeleteReceived", "context":{"id":"ede2831a-414e-439d-9725-7b303bf1a0e6", "isDeleted:":"true", "version":"1706499193448"}}
{"logTime": "0918/190021", "correlationVector":"VvciSUusueVxM1x7aYiZ5s.11","action":"GetUpdates", "result":"DeleteReceived", "context":{"id":"ce83ffb6-ee2e-4827-b298-5a7a93c3a6ea", "isDeleted:":"true", "version":"1706499194285"}}
{"logTime": "0918/190021", "correlationVector":"VvciSUusueVxM1x7aYiZ5s.12","action":"GetUpdates", "result":"DeleteReceived", "context":{"id":"e3f3d195-e0ed-4c5e-95df-bfb0b06514bf", "isDeleted:":"true", "version":"1712131094354"}}
{"logTime": "0918/190021", "correlationVector":"VvciSUusueVxM1x7aYiZ5s.13","action":"GetUpdates", "result":"DeleteReceived", "context":{"id":"493fbeca-4e1a-4831-810f-12e68f60c3be", "isDeleted:":"true", "version":"1712304141255"}}
{"logTime": "0918/190021", "correlationVector":"VvciSUusueVxM1x7aYiZ5s.14","action":"GetUpdates", "result":"DeleteReceived", "context":{"id":"8d0aa9a4-ef30-47a1-9a90-c6c202de481d", "isDeleted:":"true", "version":"1712304143462"}}
{"logTime": "0918/190021", "correlationVector":"VvciSUusueVxM1x7aYiZ5s.15","action":"GetUpdates Response", "result":"Success", "context":Received 157 update(s). cV=VvciSUusueVxM1x7aYiZ5s.0;server=GENERAL01000002;cloudType=Consumer;environment=Prod_SoutheastAsia_000j;migrationStage=NotStarted}
{"logTime": "0918/190021", "correlationVector":"HKdwhXj/IzDBdRcVpOmWqr","action":"Initial GetUpdates", "result":"", "context":Reason: NEWLY_SUPPORTED_DATATYPE. cV=HKdwhXj/IzDBdRcVpOmWqr}
{"logTime": "0918/190023", "correlationVector":"HKdwhXj/IzDBdRcVpOmWqr.1","action":"SyncServerConnectionManagerRequest", "result":"SYNC_SERVER_OK", "context":{"environment":"Prod_SoutheastAsia_000j", "migrationStage":"NotStarted", "server":"GENERAL01000017"}}
{"logTime": "0918/190023", "correlationVector":"HKdwhXj/IzDBdRcVpOmWqr.2","action":"GetUpdates", "result":"DeleteReceived", "context":{"id":"583dda40-bae8-4811-be0c-2ab5893aae60", "isDeleted:":"true", "version":"1705247004316"}}
{"logTime": "0918/190023", "correlationVector":"HKdwhXj/IzDBdRcVpOmWqr.3","action":"GetUpdates", "result":"DeleteReceived", "context":{"id":"efb34e47-11bc-40dd-a996-a9a89767e444", "isDeleted:":"true", "version":"1705247008577"}}
{"logTime": "0918/190023", "correlationVector":"HKdwhXj/IzDBdRcVpOmWqr.4","action":"GetUpdates", "result":"DeleteReceived", "context":{"id":"458cad9b-e6d5-4703-af5a-4886b3095ad2", "isDeleted:":"true", "version":"1705287630431"}}
{"logTime": "0918/190023", "correlationVector":"HKdwhXj/IzDBdRcVpOmWqr.5","action":"GetUpdates", "result":"DeleteReceived", "context":{"id":"48b63ede-4a7d-4f97-bbc5-0cb97c0fef0f", "isDeleted:":"true", "version":"1705287630432"}}
{"logTime": "0918/190023", "correlationVector":"HKdwhXj/IzDBdRcVpOmWqr.6","action":"GetUpdates", "result":"DeleteReceived", "context":{"id":"fc986b65-b443-4d3c-88b4-83227b861807", "isDeleted:":"true", "version":"1705287634595"}}
{"logTime": "0918/190023", "correlationVector":"HKdwhXj/IzDBdRcVpOmWqr.7","action":"GetUpdates", "result":"DeleteReceived", "context":{"id":"4b5d521b-8336-4f6f-8f50-f09cef58e10a", "isDeleted:":"true", "version":"1705287634596"}}
{"logTime": "0918/190023", "correlationVector":"HKdwhXj/IzDBdRcVpOmWqr.8","action":"GetUpdates", "result":"DeleteReceived", "context":{"id":"c978b8ad-3810-44eb-b428-2cc180661090", "isDeleted:":"true", "version":"1705287638541"}}
{"logTime": "0918/190023", "correlationVector":"HKdwhXj/IzDBdRcVpOmWqr.9","action":"GetUpdates", "result":"DeleteReceived", "context":{"id":"5853cb39-9618-4618-a7b8-607937791b28", "isDeleted:":"true", "version":"1705287638542"}}
{"logTime": "0918/190023", "correlationVector":"HKdwhXj/IzDBdRcVpOmWqr.10","action":"GetUpdates", "result":"DeleteReceived", "context":{"id":"811ef276-fd29-4dc2-a820-c849db0e499d", "isDeleted:":"true", "version":"1705287642491"}}
{"logTime": "0918/190023", "correlationVector":"HKdwhXj/IzDBdRcVpOmWqr.11","action":"GetUpdates", "result":"DeleteReceived", "context":{"id":"a810e337-2fa7-49e4-b2e5-7390fae254e5", "isDeleted:":"true", "version":"1705287642492"}}
{"logTime": "0918/190023", "correlationVector":"HKdwhXj/IzDBdRcVpOmWqr.12","action":"GetUpdates", "result":"DeleteReceived", "context":{"id":"2712253b-9d97-4ef7-82e2-ec77dd223594", "isDeleted:":"true", "version":"1705287642493"}}
{"logTime": "0918/190023", "correlationVector":"HKdwhXj/IzDBdRcVpOmWqr.13","action":"GetUpdates", "result":"DeleteReceived", "context":{"id":"672af329-93a4-42f7-ad15-727281717a5f", "isDeleted:":"true", "version":"1705287646734"}}
{"logTime": "0918/190023", "correlationVector":"HKdwhXj/IzDBdRcVpOmWqr.14","action":"GetUpdates", "result":"DeleteReceived", "context":{"id":"2f7ae0ae-8072-4914-91fd-fc353cbbff02", "isDeleted:":"true", "version":"1705287646735"}}
{"logTime": "0918/190023", "correlationVector":"HKdwhXj/IzDBdRcVpOmWqr.15","action":"GetUpdates", "result":"DeleteReceived", "context":{"id":"773ecd69-06ed-4e67-b37c-56350cd1b0c2", "isDeleted:":"true", "version":"1705287646736"}}
{"logTime": "0918/190023", "correlationVector":"HKdwhXj/IzDBdRcVpOmWqr.16","action":"GetUpdates", "result":"DeleteReceived", "context":{"id":"a75bae14-1920-4c27-82b2-8ac0704f1d75", "isDeleted:":"true", "version":"1705287650709"}}
{"logTime": "0918/190023", "correlationVector":"HKdwhXj/IzDBdRcVpOmWqr.17","action":"GetUpdates", "result":"DeleteReceived", "context":{"id":"4608c5e7-9440-46d4-8898-749486763df4", "isDeleted:":"true", "version":"1705287650710"}}
{"logTime": "0918/190023", "correlationVector":"HKdwhXj/IzDBdRcVpOmWqr.18","action":"GetUpdates", "result":"DeleteReceived", "context":{"id":"fc120802-21d8-4b06-bd85-db3c241c94b5", "isDeleted:":"true", "version":"1705287650711"}}
{"logTime": "0918/190023", "correlationVector":"HKdwhXj/IzDBdRcVpOmWqr.19","action":"GetUpdates", "result":"DeleteReceived", "context":{"id":"3fe6ef41-d757-4661-99c0-0db8ce4cb8e2", "isDeleted:":"true", "version":"1707372087121"}}
{"logTime": "0918/190023", "correlationVector":"HKdwhXj/IzDBdRcVpOmWqr.20","action":"GetUpdates", "result":"DeleteReceived", "context":{"id":"b4ad993c-4368-4b7e-b10f-2974d3fecfc5", "isDeleted:":"true", "version":"1707372089945"}}
{"logTime": "0918/190023", "correlationVector":"HKdwhXj/IzDBdRcVpOmWqr.21","action":"GetUpdates", "result":"DeleteReceived", "context":{"id":"410a73af-c791-4b7f-84f0-1ed8439d95f8", "isDeleted:":"true", "version":"1707372089946"}}
{"logTime": "0918/190023", "correlationVector":"HKdwhXj/IzDBdRcVpOmWqr.22","action":"GetUpdates", "result":"DeleteReceived", "context":{"id":"75b42c64-6f42-4511-be73-fcd1f9341921", "isDeleted:":"true", "version":"1707372092796"}}
{"logTime": "0918/190023", "correlationVector":"HKdwhXj/IzDBdRcVpOmWqr.23","action":"GetUpdates", "result":"DeleteReceived", "context":{"id":"78b46dd3-f7b4-44ba-ab34-4e7e8cecbc70", "isDeleted:":"true", "version":"1709222891189"}}
{"logTime": "0918/190023", "correlationVector":"HKdwhXj/IzDBdRcVpOmWqr.24","action":"GetUpdates", "result":"DeleteReceived", "context":{"id":"ae67fafa-e936-40d0-bb6f-4b3310643e13", "isDeleted:":"true", "version":"1709222898529"}}
{"logTime": "0918/190023", "correlationVector":"HKdwhXj/IzDBdRcVpOmWqr.25","action":"GetUpdates", "result":"DeleteReceived", "context":{"id":"25226ac4-44ac-451b-8cc0-b704ec10339c", "isDeleted:":"true", "version":"1711571282723"}}
{"logTime": "0918/190023", "correlationVector":"HKdwhXj/IzDBdRcVpOmWqr.26","action":"GetUpdates", "result":"DeleteReceived", "context":{"id":"888c83d0-c9bd-4f25-87d4-6d6f5c152dd0", "isDeleted:":"true", "version":"1711885732677"}}
{"logTime": "0918/190023", "correlationVector":"HKdwhXj/IzDBdRcVpOmWqr.27","action":"GetUpdates", "result":"DeleteReceived", "context":{"id":"6bbb27c4-bfa0-40ab-a061-99c1ec0b9154", "isDeleted:":"true", "version":"1711885735478"}}
{"logTime": "0918/190023", "correlationVector":"HKdwhXj/IzDBdRcVpOmWqr.28","action":"GetUpdates", "result":"DeleteReceived", "context":{"id":"da3988a5-fad3-4823-8f90-4d5837b6f078", "isDeleted:":"true", "version":"1711885742548"}}
{"logTime": "0918/190023", "correlationVector":"HKdwhXj/IzDBdRcVpOmWqr.29","action":"GetUpdates", "result":"DeleteReceived", "context":{"id":"19bce0ba-6b83-4abd-b142-59abf7218c03", "isDeleted:":"true", "version":"1714455198249"}}
{"logTime": "0918/190023", "correlationVector":"HKdwhXj/IzDBdRcVpOmWqr.30","action":"GetUpdates", "result":"DeleteReceived", "context":{"id":"0f443c11-e5ca-4cad-9ef8-24753e5f86fe", "isDeleted:":"true", "version":"1714455201481"}}
{"logTime": "0918/190023", "correlationVector":"HKdwhXj/IzDBdRcVpOmWqr.31","action":"GetUpdates", "result":"DeleteReceived", "context":{"id":"8af0e09a-ccaf-4eb7-89fe-edae87fc002c", "isDeleted:":"true", "version":"1714621292628"}}
{"logTime": "0918/190023", "correlationVector":"HKdwhXj/IzDBdRcVpOmWqr.32","action":"GetUpdates", "result":"DeleteReceived", "context":{"id":"89fe0e56-cf0d-4d70-b245-25f7655afc88", "isDeleted:":"true", "version":"1715157731112"}}
{"logTime": "0918/190023", "correlationVector":"HKdwhXj/IzDBdRcVpOmWqr.33","action":"GetUpdates", "result":"DeleteReceived", "context":{"id":"de2ca64d-a33c-4c83-850e-67c7ce6a2aa3", "isDeleted:":"true", "version":"1715158838518"}}
{"logTime": "0918/190023", "correlationVector":"HKdwhXj/IzDBdRcVpOmWqr.34","action":"GetUpdates", "result":"DeleteReceived", "context":{"id":"7cfbe468-d7b8-4ce2-93bc-36cbf1f68c6d", "isDeleted:":"true", "version":"1715158838519"}}
{"logTime": "0918/190023", "correlationVector":"HKdwhXj/IzDBdRcVpOmWqr.35","action":"GetUpdates", "result":"DeleteReceived", "context":{"id":"c9a9611f-eac5-4308-b485-30301f96440a", "isDeleted:":"true", "version":"1715158838520"}}
{"logTime": "0918/190023", "correlationVector":"HKdwhXj/IzDBdRcVpOmWqr.36","action":"GetUpdates", "result":"DeleteReceived", "context":{"id":"991ca1af-55e6-4a5f-a7fd-0941e7903136", "isDeleted:":"true", "version":"1715158838521"}}
{"logTime": "0918/190023", "correlationVector":"HKdwhXj/IzDBdRcVpOmWqr.37","action":"GetUpdates", "result":"DeleteReceived", "context":{"id":"5b9535b4-16e5-4e2f-a782-48f69c2298fc", "isDeleted:":"true", "version":"1715158838522"}}
{"logTime": "0918/190023", "correlationVector":"HKdwhXj/IzDBdRcVpOmWqr.38","action":"GetUpdates", "result":"DeleteReceived", "context":{"id":"d5951f30-fb69-4b67-abe4-85f268893fe8", "isDeleted:":"true", "version":"1715158838523"}}
{"logTime": "0918/190023", "correlationVector":"HKdwhXj/IzDBdRcVpOmWqr.39","action":"GetUpdates", "result":"DeleteReceived", "context":{"id":"e93d5a4a-5f7f-4f47-8429-db198f7f51f8", "isDeleted:":"true", "version":"1715740586028"}}
{"logTime": "0918/190023", "correlationVector":"HKdwhXj/IzDBdRcVpOmWqr.40","action":"GetUpdates", "result":"DeleteReceived", "context":{"id":"6ef24197-12a7-4a43-a880-4bf64e9a05cc", "isDeleted:":"true", "version":"1716280246371"}}
{"logTime": "0918/190023", "correlationVector":"HKdwhXj/IzDBdRcVpOmWqr.41","action":"GetUpdates", "result":"DeleteReceived", "context":{"id":"09a8fb2c-c06f-4147-835e-7643b8a20458", "isDeleted:":"true", "version":"1716280260622"}}
{"logTime": "0918/190023", "correlationVector":"HKdwhXj/IzDBdRcVpOmWqr.42","action":"GetUpdates", "result":"DeleteReceived", "context":{"id":"37c5b996-5f08-4a50-9854-6519a1feaa5b", "isDeleted:":"true", "version":"1716280266716"}}
{"logTime": "0918/190023", "correlationVector":"HKdwhXj/IzDBdRcVpOmWqr.43","action":"GetUpdates", "result":"DeleteReceived", "context":{"id":"e44697be-bd91-4fde-b469-46cf97a10687", "isDeleted:":"true", "version":"1716280270453"}}
{"logTime": "0918/190023", "correlationVector":"HKdwhXj/IzDBdRcVpOmWqr.44","action":"GetUpdates", "result":"DeleteReceived", "context":{"id":"0d015b95-a71b-4917-8f7f-6ad93a75d928", "isDeleted:":"true", "version":"1716280270454"}}
{"logTime": "0918/190023", "correlationVector":"HKdwhXj/IzDBdRcVpOmWqr.45","action":"GetUpdates", "result":"DeleteReceived", "context":{"id":"d41a66b0-a832-476d-9ad5-44e4bfdaf17c", "isDeleted:":"true", "version":"1716280273888"}}
{"logTime": "0918/190023", "correlationVector":"HKdwhXj/IzDBdRcVpOmWqr.46","action":"GetUpdates", "result":"DeleteReceived", "context":{"id":"940c3564-9ab1-475c-9bc2-f51f825b60fb", "isDeleted:":"true", "version":"1716280276794"}}
{"logTime": "0918/190023", "correlationVector":"HKdwhXj/IzDBdRcVpOmWqr.47","action":"GetUpdates", "result":"DeleteReceived", "context":{"id":"3281e050-6f28-461b-9a24-58e238612967", "isDeleted:":"true", "version":"1716280279604"}}
{"logTime": "0918/190023", "correlationVector":"HKdwhXj/IzDBdRcVpOmWqr.48","action":"GetUpdates", "result":"DeleteReceived", "context":{"id":"a4061bb5-a14c-4934-919a-059cbb0d6622", "isDeleted:":"true", "version":"1716280282716"}}
{"logTime": "0918/190023", "correlationVector":"HKdwhXj/IzDBdRcVpOmWqr.49","action":"GetUpdates", "result":"DeleteReceived", "context":{"id":"8d05ab2c-deaa-4217-b4bb-a4087e3e8673", "isDeleted:":"true", "version":"1716280285460"}}
{"logTime": "0918/190023", "correlationVector":"HKdwhXj/IzDBdRcVpOmWqr.50","action":"GetUpdates", "result":"DeleteReceived", "context":{"id":"0cf8e2bd-8183-4370-8768-92abbdaf3ada", "isDeleted:":"true", "version":"1716280288357"}}
{"logTime": "0918/190023", "correlationVector":"HKdwhXj/IzDBdRcVpOmWqr.51","action":"GetUpdates", "result":"DeleteReceived", "context":{"id":"7867c5e8-a83b-4208-a79c-f73f35f0beb1", "isDeleted:":"true", "version":"1716280291607"}}
{"logTime": "0918/190023", "correlationVector":"HKdwhXj/IzDBdRcVpOmWqr.52","action":"GetUpdates", "result":"DeleteReceived", "context":{"id":"c871e807-c61d-4a67-b01a-a515e1175a65", "isDeleted:":"true", "version":"1716280297716"}}
{"logTime": "0918/190023", "correlationVector":"HKdwhXj/IzDBdRcVpOmWqr.53","action":"GetUpdates", "result":"DeleteReceived", "context":{"id":"1fa5d23a-d3d9-4744-88cb-fa6da1ab685f", "isDeleted:":"true", "version":"1717513251612"}}
{"logTime": "0918/190023", "correlationVector":"HKdwhXj/IzDBdRcVpOmWqr.54","action":"GetUpdates", "result":"DeleteReceived", "context":{"id":"95a90b06-aabb-4dc5-8c3f-e524986df7f6", "isDeleted:":"true", "version":"1717513255485"}}
{"logTime": "0918/190023", "correlationVector":"HKdwhXj/IzDBdRcVpOmWqr.55","action":"GetUpdates", "result":"DeleteReceived", "context":{"id":"15ba9b42-b9c8-400f-91d8-349a3f3b6f92", "isDeleted:":"true", "version":"1717513258165"}}
{"logTime": "0918/190023", "correlationVector":"HKdwhXj/IzDBdRcVpOmWqr.56","action":"GetUpdates", "result":"DeleteReceived", "context":{"id":"fce56977-60a6-49cb-a3ba-8f52671abc7c", "isDeleted:":"true", "version":"1717513260846"}}
{"logTime": "0918/190023", "correlationVector":"HKdwhXj/IzDBdRcVpOmWqr.57","action":"GetUpdates", "result":"DeleteReceived", "context":{"id":"9beb86cc-4422-44c9-bc35-1612aa69c12d", "isDeleted:":"true", "version":"1717513260847"}}
{"logTime": "0918/190023", "correlationVector":"HKdwhXj/IzDBdRcVpOmWqr.58","action":"GetUpdates Response", "result":"Success", "context":Received 100 update(s). cV=HKdwhXj/IzDBdRcVpOmWqr.0;server=GENERAL01000017;cloudType=Consumer;environment=Prod_SoutheastAsia_000j;migrationStage=NotStarted}
{"logTime": "0918/190023", "correlationVector":"HWrw3aGqUWvLWaMslVsXi3","action":"Initial GetUpdates", "result":"", "context":Reason: NEWLY_SUPPORTED_DATATYPE. cV=HWrw3aGqUWvLWaMslVsXi3}
{"logTime": "0918/190024", "correlationVector":"HWrw3aGqUWvLWaMslVsXi3.1","action":"SyncServerConnectionManagerRequest", "result":"SYNC_SERVER_OK", "context":{"environment":"Prod_SoutheastAsia_000j", "migrationStage":"NotStarted", "server":"GENERAL0300001J"}}
{"logTime": "0918/190024", "correlationVector":"HWrw3aGqUWvLWaMslVsXi3.2","action":"GetUpdates Response", "result":"Success", "context":Received 250 update(s). cV=HWrw3aGqUWvLWaMslVsXi3.0;server=GENERAL0300001J;cloudType=Consumer;environment=Prod_SoutheastAsia_000j;migrationStage=NotStarted Some updates remain.}
{"logTime": "0918/190024", "correlationVector":"ioJK4vdmqAq3LA49qWm2YB","action":"Initial GetUpdates", "result":"", "context":Reason: NEWLY_SUPPORTED_DATATYPE. cV=ioJK4vdmqAq3LA49qWm2YB}
{"logTime": "0918/190025", "correlationVector":"ioJK4vdmqAq3LA49qWm2YB.1","action":"SyncServerConnectionManagerRequest", "result":"SYNC_SERVER_OK", "context":{"environment":"Prod_SoutheastAsia_000j", "migrationStage":"NotStarted", "server":"GENERAL01000014"}}
{"logTime": "0918/190025", "correlationVector":"ioJK4vdmqAq3LA49qWm2YB.2","action":"GetUpdates Response", "result":"Success", "context":Received 221 update(s). cV=ioJK4vdmqAq3LA49qWm2YB.0;server=GENERAL01000014;cloudType=Consumer;environment=Prod_SoutheastAsia_000j;migrationStage=NotStarted}
{"logTime": "0918/190025", "correlationVector":"m9jTxmfZAb55IoxiC52GmH","action":"Normal GetUpdate request", "result":"", "context":cV=m9jTxmfZAb55IoxiC52GmH
Nudged types: Device Info, User Consents
Refresh requested types: Bookmarks, Preferences, Passwords, Autofill Profiles, Autofill, Extensions, Extension settings, Device Info, User Consents, Send Tab To Self, Web Apps, Collection, Edge E Drop, Edge Hub App Usage, Edge Wallet, Encryption Keys}
{"logTime": "0918/190026", "correlationVector":"m9jTxmfZAb55IoxiC52GmH.1","action":"SyncServerConnectionManagerRequest", "result":"SYNC_SERVER_OK", "context":{"environment":"Prod_SoutheastAsia_000j", "migrationStage":"NotStarted", "server":"GENERAL0300001L"}}
{"logTime": "0918/190026", "correlationVector":"m9jTxmfZAb55IoxiC52GmH.2","action":"GetUpdates Response", "result":"Success", "context":Received 0 update(s). cV=m9jTxmfZAb55IoxiC52GmH.0;server=GENERAL0300001L;cloudType=Consumer;environment=Prod_SoutheastAsia_000j;migrationStage=NotStarted}
{"logTime": "0918/190026", "correlationVector":"Bg0EGncHQcjc+XPaY7L3Fw","action":"DoCompareDataConsistency requsted types: ", "result":"Bookmarks, Preferences, Passwords, Extensions, Extension settings, Send Tab To Self, Web Apps, Collection, Edge E Drop, Edge Wallet, Encryption Keys"}
{"logTime": "0918/190026", "correlationVector":"Bg0EGncHQcjc+XPaY7L3Fw.0","action":"CompareDataConsistency result: ", "result":"Compare result: Encryption Keys is consistent. local entities count is: 1 local entities hash is: m2a7RgF+wM47/6DdMnPJfm8WrF0="}
{"logTime": "0918/190026", "correlationVector":"Bg0EGncHQcjc+XPaY7L3Fw.1","action":"CompareDataConsistency result: ", "result":"Compare result: Bookmarks is consistent. local entities count is: 42 local entities hash is: nIrqTzlpP3mGiPsOaGnoC+zLYI4="}
{"logTime": "0918/190026", "correlationVector":"Bg0EGncHQcjc+XPaY7L3Fw.2","action":"CompareDataConsistency result: ", "result":"Compare result: Preferences is consistent. local entities count is: 89 local entities hash is: k2xYKunG+nQFSGf3F0OXh3rSzVU="}
{"logTime": "0918/190026", "correlationVector":"Bg0EGncHQcjc+XPaY7L3Fw.3","action":"CompareDataConsistency result: ", "result":"Compare result: Extensions is consistent. local entities count is: 2 local entities hash is: 4ECfVJ6KhnFOcEEA4giQtw3T6gE="}
{"logTime": "0918/190026", "correlationVector":"Bg0EGncHQcjc+XPaY7L3Fw.4","action":"CompareDataConsistency result: ", "result":"Compare result: Extension settings is consistent. local entities count is: 0 local entities hash is: "}
{"logTime": "0918/190026", "correlationVector":"Bg0EGncHQcjc+XPaY7L3Fw.5","action":"CompareDataConsistency result: ", "result":"Server did not send this Send Tab To Self local entities count is: 0 local entities hash is: "}
{"logTime": "0918/190026", "correlationVector":"Bg0EGncHQcjc+XPaY7L3Fw.6","action":"CompareDataConsistency result: ", "result":"Compare result: Web Apps is consistent. local entities count is: 0 local entities hash is: "}
{"logTime": "0918/190026", "correlationVector":"Bg0EGncHQcjc+XPaY7L3Fw.7","action":"CompareDataConsistency result: ", "result":"Compare result: Collection is consistent. local entities count is: 0 local entities hash is: "}
{"logTime": "0918/190026", "correlationVector":"Bg0EGncHQcjc+XPaY7L3Fw.8","action":"CompareDataConsistency result: ", "result":"Compare result: Edge E Drop is consistent. local entities count is: 0 local entities hash is: "}
{"logTime": "0918/190026", "correlationVector":"Bg0EGncHQcjc+XPaY7L3Fw.9","action":"CompareDataConsistency result: ", "result":"Compare result: Edge Wallet is consistent. local entities count is: 0 local entities hash is: "}
{"logTime": "0918/190026", "correlationVector":"Bg0EGncHQcjc+XPaY7L3Fw.10","action":"CompareDataConsistency result: ", "result":"Compare result: Passwords is consistent. local entities count is: 52 local entities hash is: UsT5z657d9jtqetJ/j8uh2UlMHQ="}
{"logTime": "0918/190026", "correlationVector":"XqhGVABrFqq26qUlycYKb0","action":"Commit Request", "result":"", "context":Item count: 3
Contributing types: Device Info, User Consents}
{"logTime": "0918/190026", "correlationVector":"XqhGVABrFqq26qUlycYKb0.1","action":"SyncServerConnectionManagerRequest", "result":"SYNC_SERVER_OK", "context":{"environment":"Prod_SoutheastAsia_000j", "migrationStage":"NotStarted", "server":"GENERAL0300002J"}}
{"logTime": "0918/190026", "correlationVector":"XqhGVABrFqq26qUlycYKb0.2","action":"Commit Response", "result":"Success", "context":Result: Success. cV=XqhGVABrFqq26qUlycYKb0.0;server=GENERAL0300002J;cloudType=Consumer;environment=Prod_SoutheastAsia_000j;migrationStage=NotStarted}
{"logTime": "0918/190026", "correlationVector":"","action":"DIAGNOSTIC_REQUEST|v1/diagnosticData/Diagnostic.SendCheckResult()|SUCCESS", "result":""}
{"logTime": "0918/190027", "correlationVector":"Bhy28vdKYrx91sXj6W5m0P","action":"Normal GetUpdate request", "result":"", "context":cV=Bhy28vdKYrx91sXj6W5m0P
Nudged types: Device Info}
{"logTime": "0918/190027", "correlationVector":"Bhy28vdKYrx91sXj6W5m0P.1","action":"SyncServerConnectionManagerRequest", "result":"SYNC_SERVER_OK", "context":{"environment":"Prod_SoutheastAsia_000j", "migrationStage":"NotStarted", "server":"GENERAL0100000H"}}
{"logTime": "0918/190027", "correlationVector":"Bhy28vdKYrx91sXj6W5m0P.2","action":"GetUpdates Response", "result":"Success", "context":Received 1 update(s). cV=Bhy28vdKYrx91sXj6W5m0P.0;server=GENERAL0100000H;cloudType=Consumer;environment=Prod_SoutheastAsia_000j;migrationStage=NotStarted}
{"logTime": "0918/190108", "correlationVector":"+R85MUmSjBoIRWF/wPbxwN","action":"Normal GetUpdate request", "result":"", "context":cV=+R85MUmSjBoIRWF/wPbxwN
Nudged types: Preferences, Passwords}
{"logTime": "0918/190109", "correlationVector":"+R85MUmSjBoIRWF/wPbxwN.1","action":"SyncServerConnectionManagerRequest", "result":"SYNC_SERVER_OK", "context":{"environment":"Prod_SoutheastAsia_000j", "migrationStage":"NotStarted", "server":"GENERAL0100000A"}}
{"logTime": "0918/190109", "correlationVector":"+R85MUmSjBoIRWF/wPbxwN.2","action":"GetUpdates Response", "result":"Success", "context":Received 0 update(s). cV=+R85MUmSjBoIRWF/wPbxwN.0;server=GENERAL0100000A;cloudType=Consumer;environment=Prod_SoutheastAsia_000j;migrationStage=NotStarted}
{"logTime": "0918/190109", "correlationVector":"MSfzHnNk4W3b1htfeIP+6L","action":"Commit Request", "result":"", "context":Item count: 37
Contributing types: Preferences, Passwords}
{"logTime": "0918/190111", "correlationVector":"MSfzHnNk4W3b1htfeIP+6L.1","action":"SyncServerConnectionManagerRequest", "result":"SYNC_SERVER_OK", "context":{"environment":"Prod_SoutheastAsia_000j", "migrationStage":"NotStarted", "server":"GENERAL0100001A"}}
{"logTime": "0918/190111", "correlationVector":"MSfzHnNk4W3b1htfeIP+6L.2","action":"Commit Response", "result":"Success", "context":Result: Success. cV=MSfzHnNk4W3b1htfeIP+6L.0;server=GENERAL0100001A;cloudType=Consumer;environment=Prod_SoutheastAsia_000j;migrationStage=NotStarted}
